<?xml version="1.0" encoding="UTF-8"?>
<testsuite name="rose.me.bank_operation_api.ApplicationTests" tests="1" skipped="0" failures="0" errors="0" timestamp="2024-07-21T03:15:50" hostname="SAMSUNG-PARA-TR" time="7.612">
  <properties/>
  <testcase name="contextLoads()" classname="rose.me.bank_operation_api.ApplicationTests" time="7.612"/>
  <system-out><![CDATA[00:15:40.158 [Test worker] INFO org.springframework.test.context.support.AnnotationConfigContextLoaderUtils -- Could not detect default configuration classes for test class [rose.me.bank_operation_api.ApplicationTests]: ApplicationTests does not declare any static, non-private, non-final, nested classes annotated with @Configuration.
00:15:40.346 [Test worker] INFO org.springframework.boot.test.context.SpringBootTestContextBootstrapper -- Found @SpringBootConfiguration rose.me.bank_operation_api.Application for test class rose.me.bank_operation_api.ApplicationTests

  .   ____          _            __ _ _
 /\\ / ___'_ __ _ _(_)_ __  __ _ \ \ \ \
( ( )\___ | '_ | '_| | '_ \/ _` | \ \ \ \
 \\/  ___)| |_)| | | | | || (_| |  ) ) ) )
  '  |____| .__|_| |_|_| |_\__, | / / / /
 =========|_|==============|___/=/_/_/_/

 :: Spring Boot ::                (v3.3.1)

2024-07-21T00:15:40.997-03:00  INFO 4500 --- [bank-operation-api] [    Test worker] r.m.bank_operation_api.ApplicationTests  : Starting ApplicationTests using Java 17.0.11 with PID 4500 (started by rosan in C:\Users\rosan\Desktop\Desafios\Java\bank-operation-api)
2024-07-21T00:15:40.998-03:00  INFO 4500 --- [bank-operation-api] [    Test worker] r.m.bank_operation_api.ApplicationTests  : The following 1 profile is active: "dev"
2024-07-21T00:15:41.944-03:00  INFO 4500 --- [bank-operation-api] [    Test worker] .s.d.r.c.RepositoryConfigurationDelegate : Bootstrapping Spring Data JPA repositories in DEFAULT mode.
2024-07-21T00:15:43.065-03:00  INFO 4500 --- [bank-operation-api] [    Test worker] .s.d.r.c.RepositoryConfigurationDelegate : Finished Spring Data repository scanning in 1098 ms. Found 1 JPA repository interface.
2024-07-21T00:15:43.989-03:00  INFO 4500 --- [bank-operation-api] [    Test worker] o.hibernate.jpa.internal.util.LogHelper  : HHH000204: Processing PersistenceUnitInfo [name: default]
2024-07-21T00:15:44.059-03:00  INFO 4500 --- [bank-operation-api] [    Test worker] org.hibernate.Version                    : HHH000412: Hibernate ORM core version 6.5.2.Final
2024-07-21T00:15:44.103-03:00  INFO 4500 --- [bank-operation-api] [    Test worker] o.h.c.internal.RegionFactoryInitiator    : HHH000026: Second-level cache disabled
2024-07-21T00:15:44.401-03:00  INFO 4500 --- [bank-operation-api] [    Test worker] o.s.o.j.p.SpringPersistenceUnitInfo      : No LoadTimeWeaver setup: ignoring JPA class transformer
2024-07-21T00:15:44.437-03:00  INFO 4500 --- [bank-operation-api] [    Test worker] com.zaxxer.hikari.HikariDataSource       : HikariPool-1 - Starting...
2024-07-21T00:15:44.631-03:00  INFO 4500 --- [bank-operation-api] [    Test worker] com.zaxxer.hikari.pool.HikariPool        : HikariPool-1 - Added connection conn0: url=jdbc:h2:mem:4e7b5d94-be91-4170-969a-fc4d471dd011 user=SA
2024-07-21T00:15:44.632-03:00  INFO 4500 --- [bank-operation-api] [    Test worker] com.zaxxer.hikari.HikariDataSource       : HikariPool-1 - Start completed.
2024-07-21T00:15:44.658-03:00  WARN 4500 --- [bank-operation-api] [    Test worker] org.hibernate.orm.deprecation            : HHH90000025: H2Dialect does not need to be specified explicitly using 'hibernate.dialect' (remove the property setting and it will be selected by default)
2024-07-21T00:15:45.671-03:00  INFO 4500 --- [bank-operation-api] [    Test worker] o.h.e.t.j.p.i.JtaPlatformInitiator       : HHH000489: No JTA platform available (set 'hibernate.transaction.jta.platform' to enable JTA platform integration)
Hibernate: create table tb_account (id bigint generated by default as identity, agency varchar(255), balance numeric(13,2), additional_limit numeric(13,2), number varchar(255), primary key (id))
Hibernate: create table tb_card (id bigint generated by default as identity, available_limit numeric(13,2), number varchar(255), primary key (id))
Hibernate: create table tb_feature (id bigint generated by default as identity, description varchar(255), icon varchar(255), primary key (id))
Hibernate: create table tb_news (id bigint generated by default as identity, description varchar(255), icon varchar(255), primary key (id))
Hibernate: create table tb_user (id bigint generated by default as identity, name varchar(255), account_id bigint, card_id bigint, primary key (id))
Hibernate: create table tb_user_features (tb_user_id bigint not null, features_id bigint not null)
Hibernate: create table tb_user_news (tb_user_id bigint not null, news_id bigint not null)
Hibernate: alter table if exists tb_account drop constraint if exists UK5r88eemotwgru6k0ilqb2ledh
Hibernate: alter table if exists tb_account add constraint UK5r88eemotwgru6k0ilqb2ledh unique (number)
Hibernate: alter table if exists tb_card drop constraint if exists UK71004yfeo6ocf4r3svr4gncue
Hibernate: alter table if exists tb_card add constraint UK71004yfeo6ocf4r3svr4gncue unique (number)
Hibernate: alter table if exists tb_user drop constraint if exists UKq1x0f72f9moqg7lj3borrsvmc
Hibernate: alter table if exists tb_user add constraint UKq1x0f72f9moqg7lj3borrsvmc unique (account_id)
Hibernate: alter table if exists tb_user drop constraint if exists UKby594osural4erfhabsgr8151
Hibernate: alter table if exists tb_user add constraint UKby594osural4erfhabsgr8151 unique (card_id)
Hibernate: alter table if exists tb_user_features drop constraint if exists UKcp4fh4gk0m2mgbqgrnm2c7fd6
Hibernate: alter table if exists tb_user_features add constraint UKcp4fh4gk0m2mgbqgrnm2c7fd6 unique (features_id)
Hibernate: alter table if exists tb_user_news drop constraint if exists UKrfru7tbf3pulu3yhqd5c1skqc
Hibernate: alter table if exists tb_user_news add constraint UKrfru7tbf3pulu3yhqd5c1skqc unique (news_id)
Hibernate: alter table if exists tb_user add constraint FKnflkc1qteu324uj0s1lsutf9v foreign key (account_id) references tb_account
Hibernate: alter table if exists tb_user add constraint FK25c0798kw3obdy5ang8bwhlts foreign key (card_id) references tb_card
Hibernate: alter table if exists tb_user_features add constraint FK8kpv58ldscqxgujfur060r1fv foreign key (features_id) references tb_feature
Hibernate: alter table if exists tb_user_features add constraint FK6nc49qfqjivcn58odkr6f2cth foreign key (tb_user_id) references tb_user
Hibernate: alter table if exists tb_user_news add constraint FKgcv9qa50fhx9yredwgims5r24 foreign key (news_id) references tb_news
Hibernate: alter table if exists tb_user_news add constraint FKa9s87sc7hq9oh1vgg87o6xl2l foreign key (tb_user_id) references tb_user
2024-07-21T00:15:45.743-03:00  INFO 4500 --- [bank-operation-api] [    Test worker] j.LocalContainerEntityManagerFactoryBean : Initialized JPA EntityManagerFactory for persistence unit 'default'
2024-07-21T00:15:46.260-03:00  WARN 4500 --- [bank-operation-api] [    Test worker] JpaBaseConfiguration$JpaWebConfiguration : spring.jpa.open-in-view is enabled by default. Therefore, database queries may be performed during view rendering. Explicitly configure spring.jpa.open-in-view to disable this warning
2024-07-21T00:15:50.073-03:00  INFO 4500 --- [bank-operation-api] [    Test worker] o.s.b.a.h2.H2ConsoleAutoConfiguration    : H2 console available at '/h2-console'. Database available at 'jdbc:h2:mem:4e7b5d94-be91-4170-969a-fc4d471dd011'
2024-07-21T00:15:50.148-03:00  INFO 4500 --- [bank-operation-api] [    Test worker] r.m.bank_operation_api.ApplicationTests  : Started ApplicationTests in 9.604 seconds (process running for 13.555)
]]></system-out>
  <system-err><![CDATA[]]></system-err>
</testsuite>
